Arguments: 
  D:\software\NodeJS\node.exe C:\Users\Administrator\AppData\Roaming\npm\node_modules\yarn\bin\yarn.js add -D vuepress@next

PATH: 
  C:\Windows\system32;C:\Windows;C:\Windows\System32\Wbem;C:\Windows\System32\WindowsPowerShell\v1.0\;C:\Windows\System32\OpenSSH\;D:\software\VMwareWorkstationPro\bin\;D:\software\SecurtCRT\;D:\software\NodeJS\;D:\software\Git\cmd;D:\software\platform-tools_r32.0.0-windows\platform-tools;D:\software\aapt-windows;D:\software\Python_3.7.9_x86;D:\software\Python_3.7.9_x86\Scripts;D:\software\Python_3.7.9_x86_64;D:\software\Python_3.7.9_x86_64\Scripts;D:\software\Go118\bin;D:\tools\;C:\Users\Administrator\AppData\Local\Microsoft\WindowsApps;C:\Users\Administrator\AppData\Roaming\npm;C:\Users\Administrator\go\bin

Yarn version: 
  1.22.17

Node version: 
  16.13.1

Platform: 
  win32 x64

Trace: 
  SyntaxError: C:\Users\Administrator\Desktop\Notes\package.json: Unexpected string in JSON at position 214
      at JSON.parse (<anonymous>)
      at C:\Users\Administrator\AppData\Roaming\npm\node_modules\yarn\lib\cli.js:1625:59
      at Generator.next (<anonymous>)
      at step (C:\Users\Administrator\AppData\Roaming\npm\node_modules\yarn\lib\cli.js:310:30)
      at C:\Users\Administrator\AppData\Roaming\npm\node_modules\yarn\lib\cli.js:321:13

npm manifest: 
  {
    "name": "notes",
    "version": "1.0.0",
    "main": "index.js",
    "author": "yujinhui <1265921100@qq.com>",
    "license": "MIT",
    "devDependencies": {
      "@vuepress/plugin-register-components": "^2.0.0-beta.30"
  	"vuepress": "^2.0.0-beta.30"
    },
    "scripts": {
      "docs:dev": "vuepress dev docs",
      "docs:build": "vuepress build docs"
    },
    "dependencies": {
      "echarts": "^5.2.1"
    }
  }

yarn manifest: 
  No manifest

Lockfile: 
  # THIS IS AN AUTOGENERATED FILE. DO NOT EDIT THIS FILE DIRECTLY.
  # yarn lockfile v1
  
  
  "@babel/parser@^7.16.4":
    version "7.17.10"
    resolved "https://registry.yarnpkg.com/@babel/parser/-/parser-7.17.10.tgz#873b16db82a8909e0fbd7f115772f4b739f6ce78"
    integrity sha512-n2Q6i+fnJqzOaq2VkdXxy2TCPCWQZHiCo0XqmrCvDWcZQKRyZzYi4Z0yxlBuN0w+r2ZHmre+Q087DSrw3pbJDQ==
  
  "@nodelib/fs.scandir@2.1.5":
    version "2.1.5"
    resolved "https://registry.nlark.com/@nodelib/fs.scandir/download/@nodelib/fs.scandir-2.1.5.tgz?cache=0&sync_timestamp=1622792706054&other_urls=https%3A%2F%2Fregistry.nlark.com%2F%40nodelib%2Ffs.scandir%2Fdownload%2F%40nodelib%2Ffs.scandir-2.1.5.tgz#7619c2eb21b25483f6d167548b4cfd5a7488c3d5"
    integrity sha1-dhnC6yGyVIP20WdUi0z9WnSIw9U=
    dependencies:
      "@nodelib/fs.stat" "2.0.5"
      run-parallel "^1.1.9"
  
  "@nodelib/fs.stat@2.0.5", "@nodelib/fs.stat@^2.0.2":
    version "2.0.5"
    resolved "https://registry.nlark.com/@nodelib/fs.stat/download/@nodelib/fs.stat-2.0.5.tgz?cache=0&sync_timestamp=1622792705142&other_urls=https%3A%2F%2Fregistry.nlark.com%2F%40nodelib%2Ffs.stat%2Fdownload%2F%40nodelib%2Ffs.stat-2.0.5.tgz#5bd262af94e9d25bd1e71b05deed44876a222e8b"
    integrity sha1-W9Jir5Tp0lvR5xsF3u1Eh2oiLos=
  
  "@nodelib/fs.walk@^1.2.3":
    version "1.2.8"
    resolved "https://registry.nlark.com/@nodelib/fs.walk/download/@nodelib/fs.walk-1.2.8.tgz#e95737e8bb6746ddedf69c556953494f196fe69a"
    integrity sha1-6Vc36LtnRt3t9pxVaVNJTxlv5po=
    dependencies:
      "@nodelib/fs.scandir" "2.1.5"
      fastq "^1.6.0"
  
  "@types/debug@^4.1.7":
    version "4.1.7"
    resolved "https://registry.nlark.com/@types/debug/download/@types/debug-4.1.7.tgz?cache=0&sync_timestamp=1629707621172&other_urls=https%3A%2F%2Fregistry.nlark.com%2F%40types%2Fdebug%2Fdownload%2F%40types%2Fdebug-4.1.7.tgz#7cc0ea761509124709b8b2d1090d8f6c17aadb82"
    integrity sha1-fMDqdhUJEkcJuLLRCQ2PbBeq24I=
    dependencies:
      "@types/ms" "*"
  
  "@types/fs-extra@^9.0.13":
    version "9.0.13"
    resolved "https://registry.nlark.com/@types/fs-extra/download/@types/fs-extra-9.0.13.tgz?cache=0&sync_timestamp=1632250966317&other_urls=https%3A%2F%2Fregistry.nlark.com%2F%40types%2Ffs-extra%2Fdownload%2F%40types%2Ffs-extra-9.0.13.tgz#7594fbae04fe7f1918ce8b3d213f74ff44ac1f45"
    integrity sha1-dZT7rgT+fxkYzos9IT90/0SsH0U=
    dependencies:
      "@types/node" "*"
  
  "@types/linkify-it@*":
    version "3.0.2"
    resolved "https://registry.nlark.com/@types/linkify-it/download/@types/linkify-it-3.0.2.tgz#fd2cd2edbaa7eaac7e7f3c1748b52a19143846c9"
    integrity sha1-/SzS7bqn6qx+fzwXSLUqGRQ4Rsk=
  
  "@types/markdown-it@^12.2.3":
    version "12.2.3"
    resolved "https://registry.npmmirror.com/@types/markdown-it/download/@types/markdown-it-12.2.3.tgz#0d6f6e5e413f8daaa26522904597be3d6cd93b51"
    integrity sha1-DW9uXkE/jaqiZSKQRZe+PWzZO1E=
    dependencies:
      "@types/linkify-it" "*"
      "@types/mdurl" "*"
  
  "@types/mdurl@*":
    version "1.0.2"
    resolved "https://registry.nlark.com/@types/mdurl/download/@types/mdurl-1.0.2.tgz#e2ce9d83a613bacf284c7be7d491945e39e1f8e9"
    integrity sha1-4s6dg6YTus8oTHvn1JGUXjnh+Ok=
  
  "@types/ms@*":
    version "0.7.31"
    resolved "https://registry.nlark.com/@types/ms/download/@types/ms-0.7.31.tgz?cache=0&sync_timestamp=1629708377201&other_urls=https%3A%2F%2Fregistry.nlark.com%2F%40types%2Fms%2Fdownload%2F%40types%2Fms-0.7.31.tgz#31b7ca6407128a3d2bbc27fe2d21b345397f6197"
    integrity sha1-MbfKZAcSij0rvCf+LSGzRTl/YZc=
  
  "@types/node@*":
    version "16.11.6"
    resolved "https://registry.npmmirror.com/@types/node/download/@types/node-16.11.6.tgz?cache=0&sync_timestamp=1635213425908&other_urls=https%3A%2F%2Fregistry.npmmirror.com%2F%40types%2Fnode%2Fdownload%2F%40types%2Fnode-16.11.6.tgz#6bef7a2a0ad684cf6e90fcfe31cecabd9ce0a3ae"
    integrity sha1-a+96KgrWhM9ukPz+Mc7KvZzgo64=
  
  "@vue/compiler-core@3.2.33":
    version "3.2.33"
    resolved "https://registry.yarnpkg.com/@vue/compiler-core/-/compiler-core-3.2.33.tgz#e915d59cce85898f5c5cfebe4c09e539278c3d59"
    integrity sha512-AAmr52ji3Zhk7IKIuigX2osWWsb2nQE5xsdFYjdnmtQ4gymmqXbjLvkSE174+fF3A3kstYrTgGkqgOEbsdLDpw==
    dependencies:
      "@babel/parser" "^7.16.4"
      "@vue/shared" "3.2.33"
      estree-walker "^2.0.2"
      source-map "^0.6.1"
  
  "@vue/compiler-dom@3.2.33":
    version "3.2.33"
    resolved "https://registry.yarnpkg.com/@vue/compiler-dom/-/compiler-dom-3.2.33.tgz#6db84296f949f18e5d3e7fd5e80f943dbed7d5ec"
    integrity sha512-GhiG1C8X98Xz9QUX/RlA6/kgPBWJkjq0Rq6//5XTAGSYrTMBgcLpP9+CnlUg1TFxnnCVughAG+KZl28XJqw8uQ==
    dependencies:
      "@vue/compiler-core" "3.2.33"
      "@vue/shared" "3.2.33"
  
  "@vue/compiler-sfc@3.2.33":
    version "3.2.33"
    resolved "https://registry.yarnpkg.com/@vue/compiler-sfc/-/compiler-sfc-3.2.33.tgz#7ce01dc947a8b76c099811dc6ca58494d4dc773d"
    integrity sha512-H8D0WqagCr295pQjUYyO8P3IejM3vEzeCO1apzByAEaAR/WimhMYczHfZVvlCE/9yBaEu/eu9RdiWr0kF8b71Q==
    dependencies:
      "@babel/parser" "^7.16.4"
      "@vue/compiler-core" "3.2.33"
      "@vue/compiler-dom" "3.2.33"
      "@vue/compiler-ssr" "3.2.33"
      "@vue/reactivity-transform" "3.2.33"
      "@vue/shared" "3.2.33"
      estree-walker "^2.0.2"
      magic-string "^0.25.7"
      postcss "^8.1.10"
      source-map "^0.6.1"
  
  "@vue/compiler-ssr@3.2.33":
    version "3.2.33"
    resolved "https://registry.yarnpkg.com/@vue/compiler-ssr/-/compiler-ssr-3.2.33.tgz#3e820267e4eea48fde9519f006dedca3f5e42e71"
    integrity sha512-XQh1Xdk3VquDpXsnoCd7JnMoWec9CfAzQDQsaMcSU79OrrO2PNR0ErlIjm/mGq3GmBfkQjzZACV+7GhfRB8xMQ==
    dependencies:
      "@vue/compiler-dom" "3.2.33"
      "@vue/shared" "3.2.33"
  
  "@vue/devtools-api@^6.0.0", "@vue/devtools-api@^6.1.4":
    version "6.1.4"
    resolved "https://registry.yarnpkg.com/@vue/devtools-api/-/devtools-api-6.1.4.tgz#b4aec2f4b4599e11ba774a50c67fa378c9824e53"
    integrity sha512-IiA0SvDrJEgXvVxjNkHPFfDx6SXw0b/TUkqMcDZWNg9fnCAHbTpoo59YfJ9QLFkwa3raau5vSlRVzMSLDnfdtQ==
  
  "@vue/reactivity-transform@3.2.33":
    version "3.2.33"
    resolved "https://registry.yarnpkg.com/@vue/reactivity-transform/-/reactivity-transform-3.2.33.tgz#286063f44ca56150ae9b52f8346a26e5913fa699"
    integrity sha512-4UL5KOIvSQb254aqenW4q34qMXbfZcmEsV/yVidLUgvwYQQ/D21bGX3DlgPUGI3c4C+iOnNmDCkIxkILoX/Pyw==
    dependencies:
      "@babel/parser" "^7.16.4"
      "@vue/compiler-core" "3.2.33"
      "@vue/shared" "3.2.33"
      estree-walker "^2.0.2"
      magic-string "^0.25.7"
  
  "@vue/reactivity@3.2.33":
    version "3.2.33"
    resolved "https://registry.yarnpkg.com/@vue/reactivity/-/reactivity-3.2.33.tgz#c84eedb5225138dbfc2472864c151d3efbb4b673"
    integrity sha512-62Sq0mp9/0bLmDuxuLD5CIaMG2susFAGARLuZ/5jkU1FCf9EDbwUuF+BO8Ub3Rbodx0ziIecM/NsmyjardBxfQ==
    dependencies:
      "@vue/shared" "3.2.33"
  
  "@vue/runtime-core@3.2.33":
    version "3.2.33"
    resolved "https://registry.yarnpkg.com/@vue/runtime-core/-/runtime-core-3.2.33.tgz#2df8907c85c37c3419fbd1bdf1a2df097fa40df2"
    integrity sha512-N2D2vfaXsBPhzCV3JsXQa2NECjxP3eXgZlFqKh4tgakp3iX6LCGv76DLlc+IfFZq+TW10Y8QUfeihXOupJ1dGw==
    dependencies:
      "@vue/reactivity" "3.2.33"
      "@vue/shared" "3.2.33"
  
  "@vue/runtime-dom@3.2.33":
    version "3.2.33"
    resolved "https://registry.yarnpkg.com/@vue/runtime-dom/-/runtime-dom-3.2.33.tgz#123b8969247029ea0d9c1983676d4706a962d848"
    integrity sha512-LSrJ6W7CZTSUygX5s8aFkraDWlO6K4geOwA3quFF2O+hC3QuAMZt/0Xb7JKE3C4JD4pFwCSO7oCrZmZ0BIJUnw==
    dependencies:
      "@vue/runtime-core" "3.2.33"
      "@vue/shared" "3.2.33"
      csstype "^2.6.8"
  
  "@vue/server-renderer@3.2.33":
    version "3.2.33"
    resolved "https://registry.yarnpkg.com/@vue/server-renderer/-/server-renderer-3.2.33.tgz#4b45d6d2ae10ea4e3d2cf8e676804cf60f331979"
    integrity sha512-4jpJHRD4ORv8PlbYi+/MfP8ec1okz6rybe36MdpkDrGIdEItHEUyaHSKvz+ptNEyQpALmmVfRteHkU9F8vxOew==
    dependencies:
      "@vue/compiler-ssr" "3.2.33"
      "@vue/shared" "3.2.33"
  
  "@vue/shared@3.2.33", "@vue/shared@^3.2.33":
    version "3.2.33"
    resolved "https://registry.yarnpkg.com/@vue/shared/-/shared-3.2.33.tgz#69a8c99ceb37c1b031d5cc4aec2ff1dc77e1161e"
    integrity sha512-UBc1Pg1T3yZ97vsA2ueER0F6GbJebLHYlEi4ou1H5YL4KWvMOOWwpYo9/QpWq93wxKG6Wo13IY74Hcn/f7c7Bg==
  
  "@vuepress/client@2.0.0-beta.43":
    version "2.0.0-beta.43"
    resolved "https://registry.yarnpkg.com/@vuepress/client/-/client-2.0.0-beta.43.tgz#cdf30641fb7ab868b16a14a424c1a81f272c638c"
    integrity sha512-G7rb/Jj1C1fj22+rcdbp0mF2y+1me3GSpPcF2k/9Lo+6U4V7AchhsM6kiCbGWcIWSmrV0IpyLjNEJbYO1PniUw==
    dependencies:
      "@vue/devtools-api" "^6.1.4"
      "@vuepress/shared" "2.0.0-beta.43"
      vue "^3.2.33"
      vue-router "^4.0.14"
  
  "@vuepress/core@2.0.0-beta.43":
    version "2.0.0-beta.43"
    resolved "https://registry.yarnpkg.com/@vuepress/core/-/core-2.0.0-beta.43.tgz#e452fbed38b11cc080201a2b790ef0c64f3740bb"
    integrity sha512-WvphpFV7ctoCcsNzvKyj+U2kgr28AZkoWEYIvqOv60KlBozAuQVDD8k47yZ+XKt+778OcJ3QqKzNDJnRps9sQw==
    dependencies:
      "@vuepress/client" "2.0.0-beta.43"
      "@vuepress/markdown" "2.0.0-beta.43"
      "@vuepress/shared" "2.0.0-beta.43"
      "@vuepress/utils" "2.0.0-beta.43"
      gray-matter "^4.0.3"
      toml "^3.0.0"
      vue "^3.2.33"
  
  "@vuepress/markdown@2.0.0-beta.43":
    version "2.0.0-beta.43"
    resolved "https://registry.yarnpkg.com/@vuepress/markdown/-/markdown-2.0.0-beta.43.tgz#b6fed2b268bc82ae2f99234c59565e6f785e1980"
    integrity sha512-jyT/AvxFjY8fRAX/AmewwOfyRYPhSwa2z9/eosOZCotcqyw6gGwnFhtXXMIEgD4whoS7a9PPYUelhedlpzMVdw==
    dependencies:
      "@types/markdown-it" "^12.2.3"
      "@vuepress/shared" "2.0.0-beta.43"
      "@vuepress/utils" "2.0.0-beta.43"
      markdown-it "^13.0.0"
      markdown-it-anchor "^8.4.1"
      markdown-it-emoji "^2.0.0"
      mdurl "^1.0.1"
  
  "@vuepress/plugin-register-components@^2.0.0-beta.30":
    version "2.0.0-beta.43"
    resolved "https://registry.yarnpkg.com/@vuepress/plugin-register-components/-/plugin-register-components-2.0.0-beta.43.tgz#1156edad92ea72a5c09a46035c318b18092e41e4"
    integrity sha512-RyGOPapiLYT6RrTeXZ7th3bgkDy4EszJK8RUOlaQckHHZSAaV62xD/wo3wXed55OQVsIQeCnZrqPe6QPGPARvA==
    dependencies:
      "@vuepress/core" "2.0.0-beta.43"
      "@vuepress/utils" "2.0.0-beta.43"
      chokidar "^3.5.3"
  
  "@vuepress/shared@2.0.0-beta.43":
    version "2.0.0-beta.43"
    resolved "https://registry.yarnpkg.com/@vuepress/shared/-/shared-2.0.0-beta.43.tgz#18a8d150118ace3499aeb62ef849ecb4c56a67a1"
    integrity sha512-MzO81IMmwmoJiU5g+U3+RhXCsQ5rdv/WQxj8xqozl3hRNpmzmF0Pi/Kc06P+5bZb2kVqv1eZIdQ9U91K9mi8HA==
    dependencies:
      "@vue/shared" "^3.2.33"
  
  "@vuepress/utils@2.0.0-beta.43":
    version "2.0.0-beta.43"
    resolved "https://registry.yarnpkg.com/@vuepress/utils/-/utils-2.0.0-beta.43.tgz#3c0c6b34c33e79368268c9e89166143d774db5a3"
    integrity sha512-T56eQJdj5U7ZZLvL9zwH2rMrhQkba3YxEtrQehtKqfQ75NYfG8l+SjF9I1cMb/ujbFsv2YWBFsOyjZYtSiR8rA==
    dependencies:
      "@types/debug" "^4.1.7"
      "@types/fs-extra" "^9.0.13"
      "@vuepress/shared" "2.0.0-beta.43"
      chalk "^4.1.2"
      debug "^4.3.4"
      fs-extra "^10.0.1"
      globby "^11.0.4"
      hash-sum "^2.0.0"
      ora "^5.4.1"
      upath "^2.0.1"
  
  ansi-regex@^5.0.1:
    version "5.0.1"
    resolved "https://registry.nlark.com/ansi-regex/download/ansi-regex-5.0.1.tgz?cache=0&sync_timestamp=1631634988487&other_urls=https%3A%2F%2Fregistry.nlark.com%2Fansi-regex%2Fdownload%2Fansi-regex-5.0.1.tgz#082cb2c89c9fe8659a311a53bd6a4dc5301db304"
    integrity sha1-CCyyyJyf6GWaMRpTvWpNxTAdswQ=
  
  ansi-styles@^4.1.0:
    version "4.3.0"
    resolved "https://registry.nlark.com/ansi-styles/download/ansi-styles-4.3.0.tgz#edd803628ae71c04c85ae7a0906edad34b648937"
    integrity sha1-7dgDYornHATIWuegkG7a00tkiTc=
    dependencies:
      color-convert "^2.0.1"
  
  anymatch@~3.1.2:
    version "3.1.2"
    resolved "https://registry.npm.taobao.org/anymatch/download/anymatch-3.1.2.tgz?cache=0&sync_timestamp=1617747502795&other_urls=https%3A%2F%2Fregistry.npm.taobao.org%2Fanymatch%2Fdownload%2Fanymatch-3.1.2.tgz#c0557c096af32f106198f4f4e2a383537e378716"
    integrity sha1-wFV8CWrzLxBhmPT04qODU343hxY=
    dependencies:
      normalize-path "^3.0.0"
      picomatch "^2.0.4"
  
  argparse@^1.0.7:
    version "1.0.10"
    resolved "https://registry.nlark.com/argparse/download/argparse-1.0.10.tgz#bcd6791ea5ae09725e17e5ad988134cd40b3d911"
    integrity sha1-vNZ5HqWuCXJeF+WtmIE0zUCz2RE=
    dependencies:
      sprintf-js "~1.0.2"
  
  argparse@^2.0.1:
    version "2.0.1"
    resolved "https://registry.nlark.com/argparse/download/argparse-2.0.1.tgz#246f50f3ca78a3240f6c997e8a9bd1eac49e4b38"
    integrity sha1-JG9Q88p4oyQPbJl+ipvR6sSeSzg=
  
  array-union@^2.1.0:
    version "2.1.0"
    resolved "https://registry.nlark.com/array-union/download/array-union-2.1.0.tgz#b798420adbeb1de828d84acd8a2e23d3efe85e8d"
    integrity sha1-t5hCCtvrHego2ErNii4j0+/oXo0=
  
  base64-js@^1.3.1:
    version "1.5.1"
    resolved "https://registry.npm.taobao.org/base64-js/download/base64-js-1.5.1.tgz#1b1b440160a5bf7ad40b650f095963481903930a"
    integrity sha1-GxtEAWClv3rUC2UPCVljSBkDkwo=
  
  binary-extensions@^2.0.0:
    version "2.2.0"
    resolved "https://registry.nlark.com/binary-extensions/download/binary-extensions-2.2.0.tgz#75f502eeaf9ffde42fc98829645be4ea76bd9e2d"
    integrity sha1-dfUC7q+f/eQvyYgpZFvk6na9ni0=
  
  bl@^4.1.0:
    version "4.1.0"
    resolved "https://registry.npm.taobao.org/bl/download/bl-4.1.0.tgz?cache=0&sync_timestamp=1617381743180&other_urls=https%3A%2F%2Fregistry.npm.taobao.org%2Fbl%2Fdownload%2Fbl-4.1.0.tgz#451535264182bec2fbbc83a62ab98cf11d9f7b3a"
    integrity sha1-RRU1JkGCvsL7vIOmKrmM8R2fezo=
    dependencies:
      buffer "^5.5.0"
      inherits "^2.0.4"
      readable-stream "^3.4.0"
  
  braces@^3.0.1, braces@~3.0.2:
    version "3.0.2"
    resolved "https://registry.npm.taobao.org/braces/download/braces-3.0.2.tgz#3454e1a462ee8d599e236df336cd9ea4f8afe107"
    integrity sha1-NFThpGLujVmeI23zNs2epPiv4Qc=
    dependencies:
      fill-range "^7.0.1"
  
  buffer@^5.5.0:
    version "5.7.1"
    resolved "https://registry.nlark.com/buffer/download/buffer-5.7.1.tgz#ba62e7c13133053582197160851a8f648e99eed0"
    integrity sha1-umLnwTEzBTWCGXFghRqPZI6Z7tA=
    dependencies:
      base64-js "^1.3.1"
      ieee754 "^1.1.13"
  
  chalk@^4.1.0, chalk@^4.1.2:
    version "4.1.2"
    resolved "https://registry.nlark.com/chalk/download/chalk-4.1.2.tgz?cache=0&sync_timestamp=1627646697260&other_urls=https%3A%2F%2Fregistry.nlark.com%2Fchalk%2Fdownload%2Fchalk-4.1.2.tgz#aac4e2b7734a740867aeb16bf02aad556a1e7a01"
    integrity sha1-qsTit3NKdAhnrrFr8CqtVWoeegE=
    dependencies:
      ansi-styles "^4.1.0"
      supports-color "^7.1.0"
  
  chokidar@^3.5.3:
    version "3.5.3"
    resolved "https://registry.yarnpkg.com/chokidar/-/chokidar-3.5.3.tgz#1cf37c8707b932bd1af1ae22c0432e2acd1903bd"
    integrity sha512-Dr3sfKRP6oTcjf2JmUmFJfeVMvXBdegxB0iVQ5eb2V10uFJUCAS8OByZdVAyVb8xXNz3GjjTgj9kLWsZTqE6kw==
    dependencies:
      anymatch "~3.1.2"
      braces "~3.0.2"
      glob-parent "~5.1.2"
      is-binary-path "~2.1.0"
      is-glob "~4.0.1"
      normalize-path "~3.0.0"
      readdirp "~3.6.0"
    optionalDependencies:
      fsevents "~2.3.2"
  
  cli-cursor@^3.1.0:
    version "3.1.0"
    resolved "https://registry.nlark.com/cli-cursor/download/cli-cursor-3.1.0.tgz?cache=0&sync_timestamp=1629747506749&other_urls=https%3A%2F%2Fregistry.nlark.com%2Fcli-cursor%2Fdownload%2Fcli-cursor-3.1.0.tgz#264305a7ae490d1d03bf0c9ba7c925d1753af307"
    integrity sha1-JkMFp65JDR0Dvwybp8kl0XU68wc=
    dependencies:
      restore-cursor "^3.1.0"
  
  cli-spinners@^2.5.0:
    version "2.6.1"
    resolved "https://registry.npmmirror.com/cli-spinners/download/cli-spinners-2.6.1.tgz?cache=0&sync_timestamp=1633109609172&other_urls=https%3A%2F%2Fregistry.npmmirror.com%2Fcli-spinners%2Fdownload%2Fcli-spinners-2.6.1.tgz#adc954ebe281c37a6319bfa401e6dd2488ffb70d"
    integrity sha1-rclU6+KBw3pjGb+kAebdJIj/tw0=
  
  clone@^1.0.2:
    version "1.0.4"
    resolved "https://registry.npm.taobao.org/clone/download/clone-1.0.4.tgz#da309cc263df15994c688ca902179ca3c7cd7c7e"
    integrity sha1-2jCcwmPfFZlMaIypAheco8fNfH4=
  
  color-convert@^2.0.1:
    version "2.0.1"
    resolved "https://registry.npm.taobao.org/color-convert/download/color-convert-2.0.1.tgz#72d3a68d598c9bdb3af2ad1e84f21d896abd4de3"
    integrity sha1-ctOmjVmMm9s68q0ehPIdiWq9TeM=
    dependencies:
      color-name "~1.1.4"
  
  color-name@~1.1.4:
    version "1.1.4"
    resolved "https://registry.npm.taobao.org/color-name/download/color-name-1.1.4.tgz#c2a09a87acbde69543de6f63fa3995c826c536a2"
    integrity sha1-wqCah6y95pVD3m9j+jmVyCbFNqI=
  
  csstype@^2.6.8:
    version "2.6.18"
    resolved "https://registry.nlark.com/csstype/download/csstype-2.6.18.tgz?cache=0&sync_timestamp=1631540782346&other_urls=https%3A%2F%2Fregistry.nlark.com%2Fcsstype%2Fdownload%2Fcsstype-2.6.18.tgz#980a8b53085f34af313410af064f2bd241784218"
    integrity sha1-mAqLUwhfNK8xNBCvBk8r0kF4Qhg=
  
  debug@^4.3.4:
    version "4.3.4"
    resolved "https://registry.yarnpkg.com/debug/-/debug-4.3.4.tgz#1319f6579357f2338d3337d2cdd4914bb5dcc865"
    integrity sha512-PRWFHuSU3eDtQJPvnNY7Jcket1j0t5OuOsFzPPzsekD52Zl8qUfFIPEiswXqIvHWGVHOgX+7G/vCNNhehwxfkQ==
    dependencies:
      ms "2.1.2"
  
  defaults@^1.0.3:
    version "1.0.3"
    resolved "https://registry.npm.taobao.org/defaults/download/defaults-1.0.3.tgz#c656051e9817d9ff08ed881477f3fe4019f3ef7d"
    integrity sha1-xlYFHpgX2f8I7YgUd/P+QBnz730=
    dependencies:
      clone "^1.0.2"
  
  dir-glob@^3.0.1:
    version "3.0.1"
    resolved "https://registry.npm.taobao.org/dir-glob/download/dir-glob-3.0.1.tgz#56dbf73d992a4a93ba1584f4534063fd2e41717f"
    integrity sha1-Vtv3PZkqSpO6FYT0U0Bj/S5BcX8=
    dependencies:
      path-type "^4.0.0"
  
  echarts@^5.2.1:
    version "5.2.2"
    resolved "https://registry.npmmirror.com/echarts/download/echarts-5.2.2.tgz#ec3c8b2a151cbba71ba3c2c7cf9b2f2047ce4370"
    integrity sha1-7DyLKhUcu6cbo8LHz5svIEfOQ3A=
    dependencies:
      tslib "2.3.0"
      zrender "5.2.1"
  
  entities@~3.0.1:
    version "3.0.1"
    resolved "https://registry.yarnpkg.com/entities/-/entities-3.0.1.tgz#2b887ca62585e96db3903482d336c1006c3001d4"
    integrity sha512-WiyBqoomrwMdFG1e0kqvASYfnlb0lp8M5o5Fw2OFq1hNZxxcNk8Ik0Xm7LxzBhuidnZB/UtBqVCgUz3kBOP51Q==
  
  esprima@^4.0.0:
    version "4.0.1"
    resolved "https://registry.npm.taobao.org/esprima/download/esprima-4.0.1.tgz#13b04cdb3e6c5d19df91ab6987a8695619b0aa71"
    integrity sha1-E7BM2z5sXRnfkatph6hpVhmwqnE=
  
  estree-walker@^2.0.2:
    version "2.0.2"
    resolved "https://registry.npm.taobao.org/estree-walker/download/estree-walker-2.0.2.tgz#52f010178c2a4c117a7757cfe942adb7d2da4cac"
    integrity sha1-UvAQF4wqTBF6d1fP6UKtt9LaTKw=
  
  extend-shallow@^2.0.1:
    version "2.0.1"
    resolved "https://registry.nlark.com/extend-shallow/download/extend-shallow-2.0.1.tgz#51af7d614ad9a9f610ea1bafbb989d6b1c56890f"
    integrity sha1-Ua99YUrZqfYQ6huvu5idaxxWiQ8=
    dependencies:
      is-extendable "^0.1.0"
  
  fast-glob@^3.1.1:
    version "3.2.7"
    resolved "https://registry.nlark.com/fast-glob/download/fast-glob-3.2.7.tgz?cache=0&sync_timestamp=1625773305786&other_urls=https%3A%2F%2Fregistry.nlark.com%2Ffast-glob%2Fdownload%2Ffast-glob-3.2.7.tgz#fd6cb7a2d7e9aa7a7846111e85a196d6b2f766a1"
    integrity sha1-/Wy3otfpqnp4RhEehaGW1rL3ZqE=
    dependencies:
      "@nodelib/fs.stat" "^2.0.2"
      "@nodelib/fs.walk" "^1.2.3"
      glob-parent "^5.1.2"
      merge2 "^1.3.0"
      micromatch "^4.0.4"
  
  fastq@^1.6.0:
    version "1.13.0"
    resolved "https://registry.nlark.com/fastq/download/fastq-1.13.0.tgz#616760f88a7526bdfc596b7cab8c18938c36b98c"
    integrity sha1-YWdg+Ip1Jr38WWt8q4wYk4w2uYw=
    dependencies:
      reusify "^1.0.4"
  
  fill-range@^7.0.1:
    version "7.0.1"
    resolved "https://registry.npm.taobao.org/fill-range/download/fill-range-7.0.1.tgz#1919a6a7c75fe38b2c7c77e5198535da9acdda40"
    integrity sha1-GRmmp8df44ssfHflGYU12prN2kA=
    dependencies:
      to-regex-range "^5.0.1"
  
  fs-extra@^10.0.1:
    version "10.1.0"
    resolved "https://registry.yarnpkg.com/fs-extra/-/fs-extra-10.1.0.tgz#02873cfbc4084dde127eaa5f9905eef2325d1abf"
    integrity sha512-oRXApq54ETRj4eMiFzGnHWGy+zo5raudjuxN0b8H7s/RU2oW0Wvsx9O0ACRN/kRq9E8Vu/ReskGB5o3ji+FzHQ==
    dependencies:
      graceful-fs "^4.2.0"
      jsonfile "^6.0.1"
      universalify "^2.0.0"
  
  fsevents@~2.3.2:
    version "2.3.2"
    resolved "https://registry.npm.taobao.org/fsevents/download/fsevents-2.3.2.tgz#8a526f78b8fdf4623b709e0b975c52c24c02fd1a"
    integrity sha1-ilJveLj99GI7cJ4Ll1xSwkwC/Ro=
  
  glob-parent@^5.1.2, glob-parent@~5.1.2:
    version "5.1.2"
    resolved "https://registry.npmmirror.com/glob-parent/download/glob-parent-5.1.2.tgz?cache=0&sync_timestamp=1632953810778&other_urls=https%3A%2F%2Fregistry.npmmirror.com%2Fglob-parent%2Fdownload%2Fglob-parent-5.1.2.tgz#869832c58034fe68a4093c17dc15e8340d8401c4"
    integrity sha1-hpgyxYA0/mikCTwX3BXoNA2EAcQ=
    dependencies:
      is-glob "^4.0.1"
  
  globby@^11.0.4:
    version "11.0.4"
    resolved "https://registry.nlark.com/globby/download/globby-11.0.4.tgz?cache=0&sync_timestamp=1629801109090&other_urls=https%3A%2F%2Fregistry.nlark.com%2Fglobby%2Fdownload%2Fglobby-11.0.4.tgz#2cbaff77c2f2a62e71e9b2813a67b97a3a3001a5"
    integrity sha1-LLr/d8Lypi5x6bKBOme5ejowAaU=
    dependencies:
      array-union "^2.1.0"
      dir-glob "^3.0.1"
      fast-glob "^3.1.1"
      ignore "^5.1.4"
      merge2 "^1.3.0"
      slash "^3.0.0"
  
  graceful-fs@^4.1.6, graceful-fs@^4.2.0:
    version "4.2.8"
    resolved "https://registry.nlark.com/graceful-fs/download/graceful-fs-4.2.8.tgz#e412b8d33f5e006593cbd3cee6df9f2cebbe802a"
    integrity sha1-5BK40z9eAGWTy9PO5t+fLOu+gCo=
  
  gray-matter@^4.0.3:
    version "4.0.3"
    resolved "https://registry.nlark.com/gray-matter/download/gray-matter-4.0.3.tgz#e893c064825de73ea1f5f7d88c7a9f7274288798"
    integrity sha1-6JPAZIJd5z6h9ffYjHqfcnQoh5g=
    dependencies:
      js-yaml "^3.13.1"
      kind-of "^6.0.2"
      section-matter "^1.0.0"
      strip-bom-string "^1.0.0"
  
  has-flag@^4.0.0:
    version "4.0.0"
    resolved "https://registry.nlark.com/has-flag/download/has-flag-4.0.0.tgz?cache=0&sync_timestamp=1626715907927&other_urls=https%3A%2F%2Fregistry.nlark.com%2Fhas-flag%2Fdownload%2Fhas-flag-4.0.0.tgz#944771fd9c81c81265c4d6941860da06bb59479b"
    integrity sha1-lEdx/ZyByBJlxNaUGGDaBrtZR5s=
  
  hash-sum@^2.0.0:
    version "2.0.0"
    resolved "https://registry.npm.taobao.org/hash-sum/download/hash-sum-2.0.0.tgz#81d01bb5de8ea4a214ad5d6ead1b523460b0b45a"
    integrity sha1-gdAbtd6OpKIUrV1urRtSNGCwtFo=
  
  ieee754@^1.1.13:
    version "1.2.1"
    resolved "https://registry.nlark.com/ieee754/download/ieee754-1.2.1.tgz#8eb7a10a63fff25d15a57b001586d177d1b0d352"
    integrity sha1-jrehCmP/8l0VpXsAFYbRd9Gw01I=
  
  ignore@^5.1.4:
    version "5.1.9"
    resolved "https://registry.npmmirror.com/ignore/download/ignore-5.1.9.tgz?cache=0&sync_timestamp=1635926632542&other_urls=https%3A%2F%2Fregistry.npmmirror.com%2Fignore%2Fdownload%2Fignore-5.1.9.tgz#9ec1a5cbe8e1446ec60d4420060d43aa6e7382fb"
    integrity sha1-nsGly+jhRG7GDUQgBg1Dqm5zgvs=
  
  inherits@^2.0.3, inherits@^2.0.4:
    version "2.0.4"
    resolved "https://registry.nlark.com/inherits/download/inherits-2.0.4.tgz#0fa2c64f932917c3433a0ded55363aae37416b7c"
    integrity sha1-D6LGT5MpF8NDOg3tVTY6rjdBa3w=
  
  is-binary-path@~2.1.0:
    version "2.1.0"
    resolved "https://registry.npm.taobao.org/is-binary-path/download/is-binary-path-2.1.0.tgz#ea1f7f3b80f064236e83470f86c09c254fb45b09"
    integrity sha1-6h9/O4DwZCNug0cPhsCcJU+0Wwk=
    dependencies:
      binary-extensions "^2.0.0"
  
  is-extendable@^0.1.0:
    version "0.1.1"
    resolved "https://registry.nlark.com/is-extendable/download/is-extendable-0.1.1.tgz#62b110e289a471418e3ec36a617d472e301dfc89"
    integrity sha1-YrEQ4omkcUGOPsNqYX1HLjAd/Ik=
  
  is-extglob@^2.1.1:
    version "2.1.1"
    resolved "https://registry.nlark.com/is-extglob/download/is-extglob-2.1.1.tgz#a88c02535791f02ed37c76a1b9ea9773c833f8c2"
    integrity sha1-qIwCU1eR8C7TfHahueqXc8gz+MI=
  
  is-glob@^4.0.1, is-glob@~4.0.1:
    version "4.0.3"
    resolved "https://registry.npmmirror.com/is-glob/download/is-glob-4.0.3.tgz#64f61e42cbbb2eec2071a9dac0b28ba1e65d5084"
    integrity sha1-ZPYeQsu7LuwgcanawLKLoeZdUIQ=
    dependencies:
      is-extglob "^2.1.1"
  
  is-interactive@^1.0.0:
    version "1.0.0"
    resolved "https://registry.nlark.com/is-interactive/download/is-interactive-1.0.0.tgz#cea6e6ae5c870a7b0a0004070b7b587e0252912e"
    integrity sha1-zqbmrlyHCnsKAAQHC3tYfgJSkS4=
  
  is-number@^7.0.0:
    version "7.0.0"
    resolved "https://registry.npm.taobao.org/is-number/download/is-number-7.0.0.tgz#7535345b896734d5f80c4d06c50955527a14f12b"
    integrity sha1-dTU0W4lnNNX4DE0GxQlVUnoU8Ss=
  
  is-unicode-supported@^0.1.0:
    version "0.1.0"
    resolved "https://registry.nlark.com/is-unicode-supported/download/is-unicode-supported-0.1.0.tgz#3f26c76a809593b52bfa2ecb5710ed2779b522a7"
    integrity sha1-PybHaoCVk7Ur+i7LVxDtJ3m1Iqc=
  
  js-yaml@^3.13.1:
    version "3.14.1"
    resolved "https://registry.npm.taobao.org/js-yaml/download/js-yaml-3.14.1.tgz?cache=0&sync_timestamp=1618434911653&other_urls=https%3A%2F%2Fregistry.npm.taobao.org%2Fjs-yaml%2Fdownload%2Fjs-yaml-3.14.1.tgz#dae812fdb3825fa306609a8717383c50c36a0537"
    integrity sha1-2ugS/bOCX6MGYJqHFzg8UMNqBTc=
    dependencies:
      argparse "^1.0.7"
      esprima "^4.0.0"
  
  jsonfile@^6.0.1:
    version "6.1.0"
    resolved "https://registry.npm.taobao.org/jsonfile/download/jsonfile-6.1.0.tgz?cache=0&sync_timestamp=1604161912962&other_urls=https%3A%2F%2Fregistry.npm.taobao.org%2Fjsonfile%2Fdownload%2Fjsonfile-6.1.0.tgz#bc55b2634793c679ec6403094eb13698a6ec0aae"
    integrity sha1-vFWyY0eTxnnsZAMJTrE2mKbsCq4=
    dependencies:
      universalify "^2.0.0"
    optionalDependencies:
      graceful-fs "^4.1.6"
  
  kind-of@^6.0.0, kind-of@^6.0.2:
    version "6.0.3"
    resolved "https://registry.nlark.com/kind-of/download/kind-of-6.0.3.tgz#07c05034a6c349fa06e24fa35aa76db4580ce4dd"
    integrity sha1-B8BQNKbDSfoG4k+jWqdttFgM5N0=
  
  linkify-it@^4.0.1:
    version "4.0.1"
    resolved "https://registry.yarnpkg.com/linkify-it/-/linkify-it-4.0.1.tgz#01f1d5e508190d06669982ba31a7d9f56a5751ec"
    integrity sha512-C7bfi1UZmoj8+PQx22XyeXCuBlokoyWQL5pWSP+EI6nzRylyThouddufc2c1NDIcP9k5agmN9fLpA7VNJfIiqw==
    dependencies:
      uc.micro "^1.0.1"
  
  log-symbols@^4.1.0:
    version "4.1.0"
    resolved "https://registry.npm.taobao.org/log-symbols/download/log-symbols-4.1.0.tgz#3fbdbb95b4683ac9fc785111e792e558d4abd503"
    integrity sha1-P727lbRoOsn8eFER55LlWNSr1QM=
    dependencies:
      chalk "^4.1.0"
      is-unicode-supported "^0.1.0"
  
  magic-string@^0.25.7:
    version "0.25.7"
    resolved "https://registry.npm.taobao.org/magic-string/download/magic-string-0.25.7.tgz#3f497d6fd34c669c6798dcb821f2ef31f5445051"
    integrity sha1-P0l9b9NMZpxnmNy4IfLvMfVEUFE=
    dependencies:
      sourcemap-codec "^1.4.4"
  
  markdown-it-anchor@^8.4.1:
    version "8.4.1"
    resolved "https://registry.npmmirror.com/markdown-it-anchor/download/markdown-it-anchor-8.4.1.tgz#29e560593f5edb80b25fdab8b23f93ef8a91b31e"
    integrity sha1-KeVgWT9e24CyX9q4sj+T74qRsx4=
  
  markdown-it-emoji@^2.0.0:
    version "2.0.0"
    resolved "https://registry.npm.taobao.org/markdown-it-emoji/download/markdown-it-emoji-2.0.0.tgz#3164ad4c009efd946e98274f7562ad611089a231"
    integrity sha1-MWStTACe/ZRumCdPdWKtYRCJojE=
  
  markdown-it@^13.0.0:
    version "13.0.1"
    resolved "https://registry.yarnpkg.com/markdown-it/-/markdown-it-13.0.1.tgz#c6ecc431cacf1a5da531423fc6a42807814af430"
    integrity sha512-lTlxriVoy2criHP0JKRhO2VDG9c2ypWCsT237eDiLqi09rmbKoUetyGHq2uOIRoRS//kfoJckS0eUzzkDR+k2Q==
    dependencies:
      argparse "^2.0.1"
      entities "~3.0.1"
      linkify-it "^4.0.1"
      mdurl "^1.0.1"
      uc.micro "^1.0.5"
  
  mdurl@^1.0.1:
    version "1.0.1"
    resolved "https://registry.npm.taobao.org/mdurl/download/mdurl-1.0.1.tgz#fe85b2ec75a59037f2adfec100fd6c601761152e"
    integrity sha1-/oWy7HWlkDfyrf7BAP1sYBdhFS4=
  
  merge2@^1.3.0:
    version "1.4.1"
    resolved "https://registry.npm.taobao.org/merge2/download/merge2-1.4.1.tgz#4368892f885e907455a6fd7dc55c0c9d404990ae"
    integrity sha1-Q2iJL4hekHRVpv19xVwMnUBJkK4=
  
  micromatch@^4.0.4:
    version "4.0.4"
    resolved "https://registry.nlark.com/micromatch/download/micromatch-4.0.4.tgz#896d519dfe9db25fce94ceb7a500919bf881ebf9"
    integrity sha1-iW1Rnf6dsl/OlM63pQCRm/iB6/k=
    dependencies:
      braces "^3.0.1"
      picomatch "^2.2.3"
  
  mimic-fn@^2.1.0:
    version "2.1.0"
    resolved "https://registry.nlark.com/mimic-fn/download/mimic-fn-2.1.0.tgz#7ed2c2ccccaf84d3ffcb7a69b57711fc2083401b"
    integrity sha1-ftLCzMyvhNP/y3pptXcR/CCDQBs=
  
  ms@2.1.2:
    version "2.1.2"
    resolved "https://registry.npmmirror.com/ms/download/ms-2.1.2.tgz#d09d1f357b443f493382a8eb3ccd183872ae6009"
    integrity sha1-0J0fNXtEP0kzgqjrPM0YOHKuYAk=
  
  nanoid@^3.1.30:
    version "3.1.30"
    resolved "https://registry.npmmirror.com/nanoid/download/nanoid-3.1.30.tgz?cache=0&sync_timestamp=1634166241996&other_urls=https%3A%2F%2Fregistry.npmmirror.com%2Fnanoid%2Fdownload%2Fnanoid-3.1.30.tgz#63f93cc548d2a113dc5dfbc63bfa09e2b9b64362"
    integrity sha1-Y/k8xUjSoRPcXfvGO/oJ4rm2Q2I=
  
  normalize-path@^3.0.0, normalize-path@~3.0.0:
    version "3.0.0"
    resolved "https://registry.nlark.com/normalize-path/download/normalize-path-3.0.0.tgz#0dcd69ff23a1c9b11fd0978316644a0388216a65"
    integrity sha1-Dc1p/yOhybEf0JeDFmRKA4ghamU=
  
  onetime@^5.1.0:
    version "5.1.2"
    resolved "https://registry.npm.taobao.org/onetime/download/onetime-5.1.2.tgz#d0e96ebb56b07476df1dd9c4806e5237985ca45e"
    integrity sha1-0Oluu1awdHbfHdnEgG5SN5hcpF4=
    dependencies:
      mimic-fn "^2.1.0"
  
  ora@^5.4.1:
    version "5.4.1"
    resolved "https://registry.nlark.com/ora/download/ora-5.4.1.tgz?cache=0&sync_timestamp=1631556658795&other_urls=https%3A%2F%2Fregistry.nlark.com%2Fora%2Fdownload%2Fora-5.4.1.tgz#1b2678426af4ac4a509008e5e4ac9e9959db9e18"
    integrity sha1-GyZ4Qmr0rEpQkAjl5KyemVnbnhg=
    dependencies:
      bl "^4.1.0"
      chalk "^4.1.0"
      cli-cursor "^3.1.0"
      cli-spinners "^2.5.0"
      is-interactive "^1.0.0"
      is-unicode-supported "^0.1.0"
      log-symbols "^4.1.0"
      strip-ansi "^6.0.0"
      wcwidth "^1.0.1"
  
  path-type@^4.0.0:
    version "4.0.0"
    resolved "https://registry.npm.taobao.org/path-type/download/path-type-4.0.0.tgz#84ed01c0a7ba380afe09d90a8c180dcd9d03043b"
    integrity sha1-hO0BwKe6OAr+CdkKjBgNzZ0DBDs=
  
  picocolors@^1.0.0:
    version "1.0.0"
    resolved "https://registry.npmmirror.com/picocolors/download/picocolors-1.0.0.tgz#cb5bdc74ff3f51892236eaf79d68bc44564ab81c"
    integrity sha1-y1vcdP8/UYkiNur3nWi8RFZKuBw=
  
  picomatch@^2.0.4, picomatch@^2.2.1, picomatch@^2.2.3:
    version "2.3.0"
    resolved "https://registry.nlark.com/picomatch/download/picomatch-2.3.0.tgz?cache=0&sync_timestamp=1621648305056&other_urls=https%3A%2F%2Fregistry.nlark.com%2Fpicomatch%2Fdownload%2Fpicomatch-2.3.0.tgz#f1f061de8f6a4bf022892e2d128234fb98302972"
    integrity sha1-8fBh3o9qS/AiiS4tEoI0+5gwKXI=
  
  postcss@^8.1.10:
    version "8.3.11"
    resolved "https://registry.npmmirror.com/postcss/download/postcss-8.3.11.tgz?cache=0&sync_timestamp=1634821260697&other_urls=https%3A%2F%2Fregistry.npmmirror.com%2Fpostcss%2Fdownload%2Fpostcss-8.3.11.tgz#c3beca7ea811cd5e1c4a3ec6d2e7599ef1f8f858"
    integrity sha1-w77KfqgRzV4cSj7G0udZnvH4+Fg=
    dependencies:
      nanoid "^3.1.30"
      picocolors "^1.0.0"
      source-map-js "^0.6.2"
  
  queue-microtask@^1.2.2:
    version "1.2.3"
    resolved "https://registry.npm.taobao.org/queue-microtask/download/queue-microtask-1.2.3.tgz#4929228bbc724dfac43e0efb058caf7b6cfb6243"
    integrity sha1-SSkii7xyTfrEPg77BYyve2z7YkM=
  
  readable-stream@^3.4.0:
    version "3.6.0"
    resolved "https://registry.npm.taobao.org/readable-stream/download/readable-stream-3.6.0.tgz#337bbda3adc0706bd3e024426a286d4b4b2c9198"
    integrity sha1-M3u9o63AcGvT4CRCaihtS0sskZg=
    dependencies:
      inherits "^2.0.3"
      string_decoder "^1.1.1"
      util-deprecate "^1.0.1"
  
  readdirp@~3.6.0:
    version "3.6.0"
    resolved "https://registry.nlark.com/readdirp/download/readdirp-3.6.0.tgz#74a370bd857116e245b29cc97340cd431a02a6c7"
    integrity sha1-dKNwvYVxFuJFspzJc0DNQxoCpsc=
    dependencies:
      picomatch "^2.2.1"
  
  restore-cursor@^3.1.0:
    version "3.1.0"
    resolved "https://registry.nlark.com/restore-cursor/download/restore-cursor-3.1.0.tgz?cache=0&other_urls=https%3A%2F%2Fregistry.nlark.com%2Frestore-cursor%2Fdownload%2Frestore-cursor-3.1.0.tgz#39f67c54b3a7a58cea5236d95cf0034239631f7e"
    integrity sha1-OfZ8VLOnpYzqUjbZXPADQjljH34=
    dependencies:
      onetime "^5.1.0"
      signal-exit "^3.0.2"
  
  reusify@^1.0.4:
    version "1.0.4"
    resolved "https://registry.npm.taobao.org/reusify/download/reusify-1.0.4.tgz#90da382b1e126efc02146e90845a88db12925d76"
    integrity sha1-kNo4Kx4SbvwCFG6QhFqI2xKSXXY=
  
  run-parallel@^1.1.9:
    version "1.2.0"
    resolved "https://registry.npm.taobao.org/run-parallel/download/run-parallel-1.2.0.tgz#66d1368da7bdf921eb9d95bd1a9229e7f21a43ee"
    integrity sha1-ZtE2jae9+SHrnZW9GpIp5/IaQ+4=
    dependencies:
      queue-microtask "^1.2.2"
  
  safe-buffer@~5.2.0:
    version "5.2.1"
    resolved "https://registry.npm.taobao.org/safe-buffer/download/safe-buffer-5.2.1.tgz#1eaf9fa9bdb1fdd4ec75f58f9cdb4e6b7827eec6"
    integrity sha1-Hq+fqb2x/dTsdfWPnNtOa3gn7sY=
  
  section-matter@^1.0.0:
    version "1.0.0"
    resolved "https://registry.nlark.com/section-matter/download/section-matter-1.0.0.tgz#e9041953506780ec01d59f292a19c7b850b84167"
    integrity sha1-6QQZU1BngOwB1Z8pKhnHuFC4QWc=
    dependencies:
      extend-shallow "^2.0.1"
      kind-of "^6.0.0"
  
  signal-exit@^3.0.2:
    version "3.0.5"
    resolved "https://registry.npmmirror.com/signal-exit/download/signal-exit-3.0.5.tgz#9e3e8cc0c75a99472b44321033a7702e7738252f"
    integrity sha1-nj6MwMdamUcrRDIQM6dwLnc4JS8=
  
  slash@^3.0.0:
    version "3.0.0"
    resolved "https://registry.npm.taobao.org/slash/download/slash-3.0.0.tgz#6539be870c165adbd5240220dbe361f1bc4d4634"
    integrity sha1-ZTm+hwwWWtvVJAIg2+Nh8bxNRjQ=
  
  source-map-js@^0.6.2:
    version "0.6.2"
    resolved "https://registry.npmmirror.com/source-map-js/download/source-map-js-0.6.2.tgz#0bb5de631b41cfbda6cfba8bd05a80efdfd2385e"
    integrity sha1-C7XeYxtBz72mz7qL0FqA79/SOF4=
  
  source-map@^0.6.1:
    version "0.6.1"
    resolved "https://registry.npm.taobao.org/source-map/download/source-map-0.6.1.tgz#74722af32e9614e9c287a8d0bbde48b5e2f1a263"
    integrity sha1-dHIq8y6WFOnCh6jQu95IteLxomM=
  
  sourcemap-codec@^1.4.4:
    version "1.4.8"
    resolved "https://registry.nlark.com/sourcemap-codec/download/sourcemap-codec-1.4.8.tgz#ea804bd94857402e6992d05a38ef1ae35a9ab4c4"
    integrity sha1-6oBL2UhXQC5pktBaOO8a41qatMQ=
  
  sprintf-js@~1.0.2:
    version "1.0.3"
    resolved "https://registry.npm.taobao.org/sprintf-js/download/sprintf-js-1.0.3.tgz#04e6926f662895354f3dd015203633b857297e2c"
    integrity sha1-BOaSb2YolTVPPdAVIDYzuFcpfiw=
  
  string_decoder@^1.1.1:
    version "1.3.0"
    resolved "https://registry.npm.taobao.org/string_decoder/download/string_decoder-1.3.0.tgz#42f114594a46cf1a8e30b0a84f56c78c3edac21e"
    integrity sha1-QvEUWUpGzxqOMLCoT1bHjD7awh4=
    dependencies:
      safe-buffer "~5.2.0"
  
  strip-ansi@^6.0.0:
    version "6.0.1"
    resolved "https://registry.npmmirror.com/strip-ansi/download/strip-ansi-6.0.1.tgz?cache=0&sync_timestamp=1632420562057&other_urls=https%3A%2F%2Fregistry.npmmirror.com%2Fstrip-ansi%2Fdownload%2Fstrip-ansi-6.0.1.tgz#9e26c63d30f53443e9489495b2105d37b67a85d9"
    integrity sha1-nibGPTD1NEPpSJSVshBdN7Z6hdk=
    dependencies:
      ansi-regex "^5.0.1"
  
  strip-bom-string@^1.0.0:
    version "1.0.0"
    resolved "https://registry.npm.taobao.org/strip-bom-string/download/strip-bom-string-1.0.0.tgz#e5211e9224369fbb81d633a2f00044dc8cedad92"
    integrity sha1-5SEekiQ2n7uB1jOi8ABE3IztrZI=
  
  supports-color@^7.1.0:
    version "7.2.0"
    resolved "https://registry.nlark.com/supports-color/download/supports-color-7.2.0.tgz?cache=0&sync_timestamp=1626703400240&other_urls=https%3A%2F%2Fregistry.nlark.com%2Fsupports-color%2Fdownload%2Fsupports-color-7.2.0.tgz#1b7dcdcb32b8138801b3e478ba6a51caa89648da"
    integrity sha1-G33NyzK4E4gBs+R4umpRyqiWSNo=
    dependencies:
      has-flag "^4.0.0"
  
  to-regex-range@^5.0.1:
    version "5.0.1"
    resolved "https://registry.nlark.com/to-regex-range/download/to-regex-range-5.0.1.tgz#1648c44aae7c8d988a326018ed72f5b4dd0392e4"
    integrity sha1-FkjESq58jZiKMmAY7XL1tN0DkuQ=
    dependencies:
      is-number "^7.0.0"
  
  toml@^3.0.0:
    version "3.0.0"
    resolved "https://registry.npm.taobao.org/toml/download/toml-3.0.0.tgz#342160f1af1904ec9d204d03a5d61222d762c5ee"
    integrity sha1-NCFg8a8ZBOydIE0DpdYSItdixe4=
  
  tslib@2.3.0:
    version "2.3.0"
    resolved "https://registry.nlark.com/tslib/download/tslib-2.3.0.tgz#803b8cdab3e12ba581a4ca41c8839bbb0dacb09e"
    integrity sha1-gDuM2rPhK6WBpMpByIObuw2ssJ4=
  
  uc.micro@^1.0.1, uc.micro@^1.0.5:
    version "1.0.6"
    resolved "https://registry.npm.taobao.org/uc.micro/download/uc.micro-1.0.6.tgz#9c411a802a409a91fc6cf74081baba34b24499ac"
    integrity sha1-nEEagCpAmpH8bPdAgbq6NLJEmaw=
  
  universalify@^2.0.0:
    version "2.0.0"
    resolved "https://registry.npm.taobao.org/universalify/download/universalify-2.0.0.tgz#75a4984efedc4b08975c5aeb73f530d02df25717"
    integrity sha1-daSYTv7cSwiXXFrrc/Uw0C3yVxc=
  
  upath@^2.0.1:
    version "2.0.1"
    resolved "https://registry.nlark.com/upath/download/upath-2.0.1.tgz#50c73dea68d6f6b990f51d279ce6081665d61a8b"
    integrity sha1-UMc96mjW9rmQ9R0nnOYIFmXWGos=
  
  util-deprecate@^1.0.1:
    version "1.0.2"
    resolved "https://registry.npm.taobao.org/util-deprecate/download/util-deprecate-1.0.2.tgz#450d4dc9fa70de732762fbd2d4a28981419a0ccf"
    integrity sha1-RQ1Nyfpw3nMnYvvS1KKJgUGaDM8=
  
  vue-router@^4.0.14:
    version "4.0.15"
    resolved "https://registry.yarnpkg.com/vue-router/-/vue-router-4.0.15.tgz#b4a0661efe197f8c724e0f233308f8776e2c3667"
    integrity sha512-xa+pIN9ZqORdIW1MkN2+d9Ui2pCM1b/UMgwYUCZOiFYHAvz/slKKBDha8DLrh5aCG/RibtrpyhKjKOZ85tYyWg==
    dependencies:
      "@vue/devtools-api" "^6.0.0"
  
  vue@^3.2.33:
    version "3.2.33"
    resolved "https://registry.yarnpkg.com/vue/-/vue-3.2.33.tgz#7867eb16a3293a28c4d190a837bc447878bd64c2"
    integrity sha512-si1ExAlDUrLSIg/V7D/GgA4twJwfsfgG+t9w10z38HhL/HA07132pUQ2KuwAo8qbCyMJ9e6OqrmWrOCr+jW7ZQ==
    dependencies:
      "@vue/compiler-dom" "3.2.33"
      "@vue/compiler-sfc" "3.2.33"
      "@vue/runtime-dom" "3.2.33"
      "@vue/server-renderer" "3.2.33"
      "@vue/shared" "3.2.33"
  
  wcwidth@^1.0.1:
    version "1.0.1"
    resolved "https://registry.nlark.com/wcwidth/download/wcwidth-1.0.1.tgz#f0b0dcf915bc5ff1528afadb2c0e17b532da2fe8"
    integrity sha1-8LDc+RW8X/FSivrbLA4XtTLaL+g=
    dependencies:
      defaults "^1.0.3"
  
  zrender@5.2.1:
    version "5.2.1"
    resolved "https://registry.nlark.com/zrender/download/zrender-5.2.1.tgz#5f4bbda915ba6d412b0b19dc2431beaad05417bb"
    integrity sha1-X0u9qRW6bUErCxncJDG+qtBUF7s=
    dependencies:
      tslib "2.3.0"
